{
  "stats": {
    "suites": 1,
    "tests": 4,
    "passes": 4,
    "pending": 0,
    "failures": 0,
    "start": "2025-04-21T05:26:48.975Z",
    "end": "2025-04-21T05:26:53.664Z",
    "duration": 4689,
    "testsRegistered": 4,
    "passPercent": 100,
    "pendingPercent": 0,
    "other": 0,
    "hasOther": false,
    "skipped": 0,
    "hasSkipped": false
  },
  "results": [
    {
      "uuid": "20de3089-900d-46a9-bab9-718a2a58c0ea",
      "title": "",
      "fullFile": "cypress\\e2e\\Netlify\\Elements.cy.js",
      "file": "cypress\\e2e\\Netlify\\Elements.cy.js",
      "beforeHooks": [],
      "afterHooks": [],
      "tests": [],
      "suites": [
        {
          "uuid": "be9b1eb8-1509-4c6e-8220-17402a25d216",
          "title": "Radio Button, Checkbox, Dropdown Menu",
          "fullFile": "",
          "file": "",
          "beforeHooks": [],
          "afterHooks": [],
          "tests": [
            {
              "title": "Should successfully check - Check Me Out - 2",
              "fullTitle": "Radio Button, Checkbox, Dropdown Menu Should successfully check - Check Me Out - 2",
              "timedOut": null,
              "duration": 1815,
              "state": "passed",
              "speed": "fast",
              "pass": true,
              "fail": false,
              "pending": false,
              "context": null,
              "code": "cy.visit('https://qa-practice.netlify.app/checkboxes');\n//cy.contains('Check me out - 1').prev().check()\ncy.get('[type=\"checkbox\"]').eq(0).check().should('be.checked'); // If hindi checkbox ang input type hindi gagana si .check()\ncy.get('[type=\"checkbox\"]').eq(1).uncheck().should('not.be.checked');",
              "err": {},
              "uuid": "6ca214ef-7db1-4b41-ae1c-282540877394",
              "parentUUID": "be9b1eb8-1509-4c6e-8220-17402a25d216",
              "isHook": false,
              "skipped": false
            },
            {
              "title": "Should successfully select Radio button 1",
              "fullTitle": "Radio Button, Checkbox, Dropdown Menu Should successfully select Radio button 1",
              "timedOut": null,
              "duration": 291,
              "state": "passed",
              "speed": "fast",
              "pass": true,
              "fail": false,
              "pending": false,
              "context": null,
              "code": "cy.visit('https://qa-practice.netlify.app/radiobuttons');\ncy.get('#radio-button1').click().should('be.checked');\ncy.get('#radio-button2').should('not.be.checked');\ncy.get('#radio-button3').should('not.be.checked');",
              "err": {},
              "uuid": "55d2a274-f5cb-4f37-b1f6-8bd58b3d3b67",
              "parentUUID": "be9b1eb8-1509-4c6e-8220-17402a25d216",
              "isHook": false,
              "skipped": false
            },
            {
              "title": "Should successfully select ",
              "fullTitle": "Radio Button, Checkbox, Dropdown Menu Should successfully select ",
              "timedOut": null,
              "duration": 235,
              "state": "passed",
              "speed": "fast",
              "pass": true,
              "fail": false,
              "pending": false,
              "context": null,
              "code": "cy.visit('https://qa-practice.netlify.app/radiobuttons'); //https://qa-practice.netlify.app/dropdowns\ncy.get('#radio-button1').click().should('be.checked');\ncy.get('#radio-button2').should('not.be.checked');\ncy.get('#radio-button3').should('not.be.checked');",
              "err": {},
              "uuid": "f0563955-0092-4d50-834a-fcf03ebc8fa5",
              "parentUUID": "be9b1eb8-1509-4c6e-8220-17402a25d216",
              "isHook": false,
              "skipped": false
            },
            {
              "title": "Should successfully select Philippines",
              "fullTitle": "Radio Button, Checkbox, Dropdown Menu Should successfully select Philippines",
              "timedOut": null,
              "duration": 454,
              "state": "passed",
              "speed": "fast",
              "pass": true,
              "fail": false,
              "pending": false,
              "context": null,
              "code": "cy.visit('https://qa-practice.netlify.app/dropdowns');\n// //select[contains(@id, 'dropdown-menu')]\ncy.xpath(\"//select[contains(@id, 'dropdown-menu')]\").select('Phillipines').should('be.visible');\n//cy.get('#dropdown-menu').select('Philippines').should('be.visible').contains('Philippines')",
              "err": {},
              "uuid": "79c7f0a8-8c2b-4d29-8c3c-93b0dfb8bdbc",
              "parentUUID": "be9b1eb8-1509-4c6e-8220-17402a25d216",
              "isHook": false,
              "skipped": false
            }
          ],
          "suites": [],
          "passes": [
            "6ca214ef-7db1-4b41-ae1c-282540877394",
            "55d2a274-f5cb-4f37-b1f6-8bd58b3d3b67",
            "f0563955-0092-4d50-834a-fcf03ebc8fa5",
            "79c7f0a8-8c2b-4d29-8c3c-93b0dfb8bdbc"
          ],
          "failures": [],
          "pending": [],
          "skipped": [],
          "duration": 2795,
          "root": false,
          "rootEmpty": false,
          "_timeout": 2000
        }
      ],
      "passes": [],
      "failures": [],
      "pending": [],
      "skipped": [],
      "duration": 0,
      "root": true,
      "rootEmpty": true,
      "_timeout": 2000
    }
  ],
  "meta": {
    "mocha": {
      "version": "7.0.1"
    },
    "mochawesome": {
      "options": {
        "quiet": false,
        "reportFilename": "mochawesome",
        "saveHtml": false,
        "saveJson": true,
        "consoleReporter": "spec",
        "useInlineDiffs": false,
        "code": true
      },
      "version": "7.1.3"
    },
    "marge": {
      "options": {
        "charts": true,
        "reportPageTitle": "Regression Testing Report",
        "embeddedScreenshots": true,
        "inlineAssets": true,
        "saveAllAttempts": false,
        "overwrite": false,
        "html": false,
        "json": true,
        "reportDir": "cypress\\reports\\html\\.jsons"
      },
      "version": "6.2.0"
    }
  }
}