{
  "stats": {
    "suites": 1,
    "tests": 3,
    "passes": 3,
    "pending": 0,
    "failures": 0,
    "start": "2025-04-21T05:26:54.836Z",
    "end": "2025-04-21T05:27:02.457Z",
    "duration": 7621,
    "testsRegistered": 3,
    "passPercent": 100,
    "pendingPercent": 0,
    "other": 0,
    "hasOther": false,
    "skipped": 0,
    "hasSkipped": false
  },
  "results": [
    {
      "uuid": "bca68f92-df90-42bb-8474-40d9f4200246",
      "title": "",
      "fullFile": "cypress\\e2e\\SauceDemo\\EcomFlow.cy.js",
      "file": "cypress\\e2e\\SauceDemo\\EcomFlow.cy.js",
      "beforeHooks": [],
      "afterHooks": [],
      "tests": [],
      "suites": [
        {
          "uuid": "9a46c525-e641-4559-9a50-9e112a2aa985",
          "title": "E-Commerce Test Flow/Workflow",
          "fullFile": "",
          "file": "",
          "beforeHooks": [],
          "afterHooks": [],
          "tests": [
            {
              "title": "Should successfully login",
              "fullTitle": "E-Commerce Test Flow/Workflow Should successfully login",
              "timedOut": null,
              "duration": 2081,
              "state": "passed",
              "speed": "fast",
              "pass": true,
              "fail": false,
              "pending": false,
              "context": "{\n  \"title\": \"cypress-mochawesome-reporter-screenshots\",\n  \"value\": [\n    [\n      \"\\\\SauceDemo\\\\EcomFlow.cy.js\\\\login-4-21-2025.png\"\n    ]\n  ]\n}",
              "code": "// Verify we're on the inventory page after login\ncy.url().should('include', '/inventory.html');\ncy.get('.inventory_list').should('be.visible');\ncy.screenshot(`login-${getDate()}`);",
              "err": {},
              "uuid": "04ecd6c7-dcc6-4fad-8179-7603193cb673",
              "parentUUID": "9a46c525-e641-4559-9a50-9e112a2aa985",
              "isHook": false,
              "skipped": false
            },
            {
              "title": "Should successfully add to cart",
              "fullTitle": "E-Commerce Test Flow/Workflow Should successfully add to cart",
              "timedOut": null,
              "duration": 1448,
              "state": "passed",
              "speed": "fast",
              "pass": true,
              "fail": false,
              "pending": false,
              "context": "{\n  \"title\": \"cypress-mochawesome-reporter-screenshots\",\n  \"value\": [\n    [\n      \"\\\\SauceDemo\\\\EcomFlow.cy.js\\\\add-to-cart-4-21-2025.png\"\n    ]\n  ]\n}",
              "code": "// Add first product to cart\ncy.addToCart('add-to-cart-sauce-labs-backpack');\ncy.screenshot(`add-to-cart-${getDate()}`);",
              "err": {},
              "uuid": "21db598a-6c0d-42fb-9549-dfa88f73bd04",
              "parentUUID": "9a46c525-e641-4559-9a50-9e112a2aa985",
              "isHook": false,
              "skipped": false
            },
            {
              "title": "Should successfully complete checkout",
              "fullTitle": "E-Commerce Test Flow/Workflow Should successfully complete checkout",
              "timedOut": null,
              "duration": 2230,
              "state": "passed",
              "speed": "fast",
              "pass": true,
              "fail": false,
              "pending": false,
              "context": "{\n  \"title\": \"cypress-mochawesome-reporter-screenshots\",\n  \"value\": [\n    [\n      \"\\\\SauceDemo\\\\EcomFlow.cy.js\\\\checkout-4-21-2025.png\"\n    ]\n  ]\n}",
              "code": "// Add product to cart (repeat from the add to cart test)\ncy.addToCart('add-to-cart-sauce-labs-backpack');\n// Enter checkout information\ncy.checkOut('John', 'Doe', '12345');\ncy.screenshot(`checkout-${getDate()}`);",
              "err": {},
              "uuid": "0890ca74-bf9c-4573-a2cb-f19d456a4f1a",
              "parentUUID": "9a46c525-e641-4559-9a50-9e112a2aa985",
              "isHook": false,
              "skipped": false
            }
          ],
          "suites": [],
          "passes": [
            "04ecd6c7-dcc6-4fad-8179-7603193cb673",
            "21db598a-6c0d-42fb-9549-dfa88f73bd04",
            "0890ca74-bf9c-4573-a2cb-f19d456a4f1a"
          ],
          "failures": [],
          "pending": [],
          "skipped": [],
          "duration": 5759,
          "root": false,
          "rootEmpty": false,
          "_timeout": 2000
        }
      ],
      "passes": [],
      "failures": [],
      "pending": [],
      "skipped": [],
      "duration": 0,
      "root": true,
      "rootEmpty": true,
      "_timeout": 2000
    }
  ],
  "meta": {
    "mocha": {
      "version": "7.0.1"
    },
    "mochawesome": {
      "options": {
        "quiet": false,
        "reportFilename": "mochawesome",
        "saveHtml": false,
        "saveJson": true,
        "consoleReporter": "spec",
        "useInlineDiffs": false,
        "code": true
      },
      "version": "7.1.3"
    },
    "marge": {
      "options": {
        "charts": true,
        "reportPageTitle": "Regression Testing Report",
        "embeddedScreenshots": true,
        "inlineAssets": true,
        "saveAllAttempts": false,
        "overwrite": false,
        "html": false,
        "json": true,
        "reportDir": "cypress\\reports\\html\\.jsons"
      },
      "version": "6.2.0"
    }
  }
}