{
  "stats": {
    "suites": 2,
    "tests": 2,
    "passes": 2,
    "pending": 0,
    "failures": 0,
    "start": "2025-04-21T05:27:07.866Z",
    "end": "2025-04-21T05:27:14.164Z",
    "duration": 6298,
    "testsRegistered": 2,
    "passPercent": 100,
    "pendingPercent": 0,
    "other": 0,
    "hasOther": false,
    "skipped": 0,
    "hasSkipped": false
  },
  "results": [
    {
      "uuid": "f44f3501-1cde-447e-9664-03db1ef23e03",
      "title": "",
      "fullFile": "cypress\\e2e\\SauceDemo\\cart-persistent.cy.js",
      "file": "cypress\\e2e\\SauceDemo\\cart-persistent.cy.js",
      "beforeHooks": [],
      "afterHooks": [],
      "tests": [],
      "suites": [
        {
          "uuid": "1c9464dd-595f-4c87-8b17-bf7aedad35f1",
          "title": "Cart Persistence Test",
          "fullFile": "",
          "file": "",
          "beforeHooks": [],
          "afterHooks": [],
          "tests": [
            {
              "title": "adds item to cart and saves cart contents",
              "fullTitle": "Cart Persistence Test adds item to cart and saves cart contents",
              "timedOut": null,
              "duration": 3724,
              "state": "passed",
              "speed": "fast",
              "pass": true,
              "fail": false,
              "pending": false,
              "context": null,
              "code": "cy.auth('standard_user', 'secret_sauce');\n// Add item to cart\ncy.get('[data-test=\"add-to-cart-sauce-labs-backpack\"]').click();\n// Save current cart state\ncy.saveCart();\ncy.get('#react-burger-menu-btn').click();\ncy.get('#logout_sidebar_link').click();",
              "err": {},
              "uuid": "11a0a4f5-a354-474a-bc44-1e9653437931",
              "parentUUID": "1c9464dd-595f-4c87-8b17-bf7aedad35f1",
              "isHook": false,
              "skipped": false
            }
          ],
          "suites": [
            {
              "uuid": "3803a5b8-d2d7-4311-adb9-0424cdef2f96",
              "title": "Verify cart item persists after restoring cart and login",
              "fullFile": "",
              "file": "",
              "beforeHooks": [],
              "afterHooks": [],
              "tests": [
                {
                  "title": "should show the item in the cart after login",
                  "fullTitle": "Cart Persistence Test Verify cart item persists after restoring cart and login should show the item in the cart after login",
                  "timedOut": null,
                  "duration": 1190,
                  "state": "passed",
                  "speed": "fast",
                  "pass": true,
                  "fail": false,
                  "pending": false,
                  "context": null,
                  "code": "cy.get('.shopping_cart_badge').should('contain', '1');",
                  "err": {},
                  "uuid": "86e27cd5-9148-4749-956f-d9dc3dcd648c",
                  "parentUUID": "3803a5b8-d2d7-4311-adb9-0424cdef2f96",
                  "isHook": false,
                  "skipped": false
                }
              ],
              "suites": [],
              "passes": [
                "86e27cd5-9148-4749-956f-d9dc3dcd648c"
              ],
              "failures": [],
              "pending": [],
              "skipped": [],
              "duration": 1190,
              "root": false,
              "rootEmpty": false,
              "_timeout": 2000
            }
          ],
          "passes": [
            "11a0a4f5-a354-474a-bc44-1e9653437931"
          ],
          "failures": [],
          "pending": [],
          "skipped": [],
          "duration": 3724,
          "root": false,
          "rootEmpty": false,
          "_timeout": 2000
        }
      ],
      "passes": [],
      "failures": [],
      "pending": [],
      "skipped": [],
      "duration": 0,
      "root": true,
      "rootEmpty": true,
      "_timeout": 2000
    }
  ],
  "meta": {
    "mocha": {
      "version": "7.0.1"
    },
    "mochawesome": {
      "options": {
        "quiet": false,
        "reportFilename": "mochawesome",
        "saveHtml": false,
        "saveJson": true,
        "consoleReporter": "spec",
        "useInlineDiffs": false,
        "code": true
      },
      "version": "7.1.3"
    },
    "marge": {
      "options": {
        "charts": true,
        "reportPageTitle": "Regression Testing Report",
        "embeddedScreenshots": true,
        "inlineAssets": true,
        "saveAllAttempts": false,
        "overwrite": false,
        "html": false,
        "json": true,
        "reportDir": "cypress\\reports\\html\\.jsons"
      },
      "version": "6.2.0"
    }
  }
}